2018-04-05 10:22:43,602 [Worker-5] INFO  c.g.t.t.d.PublishedGradleVersions - Gradle version information cache is up-to-date. Trying to read.
2018-04-05 10:23:42,592 [Worker-4] INFO  c.g.t.t.d.PublishedGradleVersions - Gradle version information cache is up-to-date. Trying to read.
2018-04-05 10:27:36,344 [Worker-2] INFO  c.g.t.t.d.PublishedGradleVersions - Gradle version information cache is up-to-date. Trying to read.
2018-04-05 10:34:38,816 [Worker-27] INFO  o.e.m.c.i.l.LifecycleMappingFactory - Using org.eclipse.m2e.jdt.JarLifecycleMapping lifecycle mapping for MavenProject: com.example:server:0.0.1-SNAPSHOT @ C:\Users\mindt\Eventsnap\server\pom.xml.
2018-04-05 10:34:39,710 [Worker-27] INFO  o.e.m.c.i.embedder.EclipseLogger - Using 'UTF-8' encoding to copy filtered resources.
2018-04-05 10:34:39,718 [Worker-27] INFO  o.e.m.c.i.embedder.EclipseLogger - Copying 1 resource
2018-04-05 10:34:39,768 [Worker-27] INFO  o.e.m.c.i.embedder.EclipseLogger - Copying 0 resource
2018-04-05 10:34:39,771 [Worker-27] INFO  o.e.m.c.i.embedder.EclipseLogger - Using 'UTF-8' encoding to copy filtered resources.
2018-04-05 10:34:39,771 [Worker-27] INFO  o.e.m.c.i.embedder.EclipseLogger - skip non existing resourceDirectory C:\Users\mindt\Eventsnap\server\src\test\resources
2018-04-05 10:34:41,510 [Worker-21] INFO  o.e.m.c.i.l.LifecycleMappingFactory - Using org.eclipse.m2e.jdt.JarLifecycleMapping lifecycle mapping for MavenProject: com.example:server:0.0.1-SNAPSHOT @ C:\Users\mindt\Eventsnap\server\pom.xml.
2018-04-05 10:34:42,387 [Worker-22] INFO  o.e.m.c.i.embedder.EclipseLogger - Using 'UTF-8' encoding to copy filtered resources.
2018-04-05 10:34:42,394 [Worker-22] INFO  o.e.m.c.i.embedder.EclipseLogger - Copying 1 resource
2018-04-05 10:34:42,410 [Worker-22] INFO  o.e.m.c.i.embedder.EclipseLogger - Copying 0 resource
2018-04-05 10:34:42,413 [Worker-22] INFO  o.e.m.c.i.embedder.EclipseLogger - Using 'UTF-8' encoding to copy filtered resources.
2018-04-05 10:34:42,413 [Worker-22] INFO  o.e.m.c.i.embedder.EclipseLogger - skip non existing resourceDirectory C:\Users\mindt\Eventsnap\server\src\test\resources
2018-04-05 10:34:44,590 [Worker-26] INFO  o.e.m.c.i.embedder.EclipseLogger - Using 'UTF-8' encoding to copy filtered resources.
2018-04-05 10:34:44,590 [Worker-26] INFO  o.e.m.c.i.embedder.EclipseLogger - Copying 0 resource
2018-04-05 10:34:44,590 [Worker-26] INFO  o.e.m.c.i.embedder.EclipseLogger - Copying 0 resource
2018-04-05 10:34:44,598 [Worker-26] INFO  o.e.m.c.i.embedder.EclipseLogger - Using 'UTF-8' encoding to copy filtered resources.
2018-04-05 10:34:44,598 [Worker-26] INFO  o.e.m.c.i.embedder.EclipseLogger - skip non existing resourceDirectory C:\Users\mindt\Eventsnap\server\src\test\resources
2018-04-05 21:01:07,504 [Worker-49] INFO  o.e.m.c.i.embedder.EclipseLogger - Using 'UTF-8' encoding to copy filtered resources.
2018-04-05 21:01:07,504 [Worker-49] INFO  o.e.m.c.i.embedder.EclipseLogger - Copying 1 resource
2018-04-05 21:01:07,512 [Worker-49] INFO  o.e.m.c.i.embedder.EclipseLogger - Copying 0 resource
2018-04-05 21:01:07,512 [Worker-49] INFO  o.e.m.c.i.embedder.EclipseLogger - Using 'UTF-8' encoding to copy filtered resources.
2018-04-05 21:01:07,512 [Worker-49] INFO  o.e.m.c.i.embedder.EclipseLogger - skip non existing resourceDirectory C:\Users\mindt\Eventsnap\server\src\test\resources
2018-04-05 21:38:08,920 [Worker-58] INFO  o.e.m.c.i.embedder.EclipseLogger - Using 'UTF-8' encoding to copy filtered resources.
2018-04-05 21:38:08,920 [Worker-58] INFO  o.e.m.c.i.embedder.EclipseLogger - Copying 1 resource
2018-04-05 21:38:08,930 [Worker-58] INFO  o.e.m.c.i.embedder.EclipseLogger - Copying 0 resource
2018-04-05 21:38:08,935 [Worker-58] INFO  o.e.m.c.i.embedder.EclipseLogger - Using 'UTF-8' encoding to copy filtered resources.
2018-04-05 21:38:08,936 [Worker-58] INFO  o.e.m.c.i.embedder.EclipseLogger - skip non existing resourceDirectory C:\Users\mindt\Eventsnap\server\src\test\resources
2018-04-06 09:01:50,384 [Worker-7] INFO  c.g.t.t.d.PublishedGradleVersions - Gradle version information cache is up-to-date. Trying to read.
2018-04-06 09:02:00,650 [Worker-15] INFO  o.e.m.c.i.l.LifecycleMappingFactory - Using org.eclipse.m2e.jdt.JarLifecycleMapping lifecycle mapping for MavenProject: com.example:server:0.0.1-SNAPSHOT @ C:\Users\mindt\Eventsnap\server\pom.xml.
2018-04-06 09:02:07,673 [Worker-15] INFO  o.e.m.c.i.embedder.EclipseLogger - Using 'UTF-8' encoding to copy filtered resources.
2018-04-06 09:02:07,677 [Worker-15] INFO  o.e.m.c.i.embedder.EclipseLogger - Copying 1 resource
2018-04-06 09:02:07,694 [Worker-15] INFO  o.e.m.c.i.embedder.EclipseLogger - Copying 0 resource
2018-04-06 09:02:07,697 [Worker-15] INFO  o.e.m.c.i.embedder.EclipseLogger - Using 'UTF-8' encoding to copy filtered resources.
2018-04-06 09:02:07,697 [Worker-15] INFO  o.e.m.c.i.embedder.EclipseLogger - skip non existing resourceDirectory C:\Users\mindt\Eventsnap\server\src\test\resources
2018-04-06 09:13:38,573 [Worker-4] INFO  c.g.t.t.d.PublishedGradleVersions - Gradle version information cache is up-to-date. Trying to read.
2018-04-06 09:13:45,115 [Worker-8] INFO  o.e.m.c.i.embedder.EclipseLogger - Using 'UTF-8' encoding to copy filtered resources.
2018-04-06 09:13:45,119 [Worker-8] INFO  o.e.m.c.i.embedder.EclipseLogger - Copying 1 resource
2018-04-06 09:13:45,170 [Worker-8] INFO  o.e.m.c.i.embedder.EclipseLogger - Copying 0 resource
2018-04-06 09:13:45,175 [Worker-8] INFO  o.e.m.c.i.embedder.EclipseLogger - Using 'UTF-8' encoding to copy filtered resources.
2018-04-06 09:13:45,175 [Worker-8] INFO  o.e.m.c.i.embedder.EclipseLogger - skip non existing resourceDirectory C:\Users\mindt\Eventsnap\server\src\test\resources
